#-----------------------------------------------------------
# Vivado v2020.2.2 (64-bit)
# SW Build 3118627 on Tue Feb  9 05:14:06 MST 2021
# IP Build 3115676 on Tue Feb  9 10:48:11 MST 2021
# Start of session at: Wed Mar  9 17:49:45 2022
# Process ID: 11432
# Current directory: C:/Users/miros/Desktop/Skola/DE1/digital-electronics-1/labs/04-segment/display
# Command line: vivado.exe -gui_launcher_event rodinguilauncherevent14332 C:\Users\miros\Desktop\Skola\DE1\digital-electronics-1\labs\04-segment\display\display.xpr
# Log file: C:/Users/miros/Desktop/Skola/DE1/digital-electronics-1/labs/04-segment/display/vivado.log
# Journal file: C:/Users/miros/Desktop/Skola/DE1/digital-electronics-1/labs/04-segment/display\vivado.jou
#-----------------------------------------------------------
start_gui
open_project C:/Users/miros/Desktop/Skola/DE1/digital-electronics-1/labs/04-segment/display/display.xpr
INFO: [Project 1-313] Project file moved from 'D:/Documents/xbabel02/digital-electronics-1/labs/04-segment/display' since last save.
Scanning sources...
Finished scanning sources
INFO: [Project 1-230] Project 'display.xpr' upgraded for this version of Vivado.
INFO: [IP_Flow 19-234] Refreshing IP repositories
INFO: [IP_Flow 19-1704] No user IP repositories specified
INFO: [IP_Flow 19-2313] Loaded Vivado IP repository 'C:/Xilinx/Vivado/2020.2/data/ip'.
open_project: Time (s): cpu = 00:00:23 ; elapsed = 00:00:08 . Memory (MB): peak = 1011.848 ; gain = 0.000
update_compile_order -fileset sources_1
